2023-08-07T06:34:32.258Z [[32MINFO[39M]: Employee with id 4 fetched suceessfully 
2023-08-07T06:36:06.742Z [[32MINFO[39M]: Employee with id 4 fetched suceessfully 
2023-08-07T08:47:16.084Z [[32MINFO[39M]: All Employees sucessfully fetched 
2023-08-07T08:47:31.500Z [[32MINFO[39M]: Employee with id 4 fetched suceessfully 
2023-08-07T09:24:25.805Z [[32MINFO[39M]: All Employees sucessfully fetched 
2023-08-07T11:09:11.277Z [[32MINFO[39M]: All Employees sucessfully fetched 
2023-08-07T11:09:18.492Z [[32MINFO[39M]: Employee with id 4 fetched suceessfully 
2023-08-07T11:11:04.430Z [[32MINFO[39M]: Employee with id 4 fetched suceessfully 
2023-08-07T11:11:16.506Z [[32MINFO[39M]: Employee with id 4 fetched suceessfully 
2023-08-07T11:24:40.637Z [[32MINFO[39M]: All Employees sucessfully fetched 
2023-08-07T11:24:45.804Z [[32MINFO[39M]: Employee with id 4 fetched suceessfully 
2023-08-07T11:27:12.592Z [[32MINFO[39M]: Employees created sucessfully  
2023-08-07T11:27:53.231Z [[31MERROR[39M]: Employee updation failed
2023-08-07T11:31:21.617Z [[32MINFO[39M]: All Employees sucessfully fetched 
2023-08-07T11:32:52.065Z [[32MINFO[39M]: Employee id :5 updated sucessfully
2023-08-07T11:33:13.975Z [[32MINFO[39M]: Employee id :5 deleted sucessfully
2023-08-07T11:33:32.472Z [[32MINFO[39M]: New Department created sucessfully 
2023-08-07T11:33:57.612Z [[32MINFO[39M]: Department 9 sucessfully fetched
2023-08-07T11:34:05.663Z [[32MINFO[39M]: All Departments sucessfully fetched 
2023-08-07T11:41:30.725Z [[32MINFO[39M]: All Employees sucessfully fetched 
2023-08-07T11:48:33.510Z [[31MERROR[39M]: Validation Error
2023-08-07T11:48:33.511Z [[31MERROR[39M]: Create Employee failed
2023-08-07T11:50:14.263Z [[32MINFO[39M]: Employees created sucessfully  
